<?xml version="1.0" encoding="UTF-8"?>
<!-- Generated by org.testng.reporters.JUnitReportReporter -->
<testsuite hostname="LAPTOP-B7N6EJDF" failures="0" tests="2" name="com.qa.Testscript.TC06_ArrDep" time="23.991" errors="0" timestamp="2025-01-23T10:06:31 IST" skipped="0">
  <testcase classname="com.qa.Testscript.TC06_ArrDep" name="Departurelink" time="19.321"/>
  <testcase classname="com.qa.Testscript.TC06_ArrDep" name="Arriving" time="4.670"/>
</testsuite> <!-- com.qa.Testscript.TC06_ArrDep -->
