<?xml version="1.0" encoding="UTF-8"?>
<!-- Generated by org.testng.reporters.JUnitReportReporter -->
<testsuite hostname="LAPTOP-B7N6EJDF" failures="0" tests="2" name="com.qa.Testscript.TC06_ArrDep" time="5.711" errors="0" timestamp="2025-01-21T15:10:58 IST" skipped="0">
  <testcase classname="com.qa.Testscript.TC06_ArrDep" name="Departurelink" time="2.380"/>
  <testcase classname="com.qa.Testscript.TC06_ArrDep" name="Arriving" time="3.331"/>
</testsuite> <!-- com.qa.Testscript.TC06_ArrDep -->
