<?xml version="1.0" encoding="UTF-8"?>
<!-- Generated by org.testng.reporters.JUnitReportReporter -->
<testsuite hostname="LAPTOP-B7N6EJDF" failures="0" tests="1" name="com.qa.Testscript.TC07_Preferences" time="14.205" errors="0" timestamp="2025-01-23T10:06:31 IST" skipped="0">
  <testcase classname="com.qa.Testscript.TC07_Preferences" name="preferences" time="14.205"/>
</testsuite> <!-- com.qa.Testscript.TC07_Preferences -->
