<?xml version="1.0" encoding="UTF-8"?>
<!-- Generated by org.testng.reporters.JUnitReportReporter -->
<testsuite hostname="LAPTOP-B7N6EJDF" failures="0" tests="1" name="com.qa.Testscript.TC01_Registration" time="16.111" errors="0" timestamp="2025-01-21T15:10:58 IST" skipped="0">
  <testcase classname="com.qa.Testscript.TC01_Registration" name="verify_account_registration" time="16.111"/>
</testsuite> <!-- com.qa.Testscript.TC01_Registration -->
