<?xml version="1.0" encoding="UTF-8"?>
<!-- Generated by org.testng.reporters.JUnitReportReporter -->
<testsuite hostname="LAPTOP-B7N6EJDF" failures="0" tests="1" name="com.qa.Testscript.TC07_Preferences" time="4.735" errors="0" timestamp="2025-01-21T15:10:58 IST" skipped="0">
  <testcase classname="com.qa.Testscript.TC07_Preferences" name="preferences" time="4.735"/>
</testsuite> <!-- com.qa.Testscript.TC07_Preferences -->
