<?xml version="1.0" encoding="UTF-8"?>
<!-- Generated by org.testng.reporters.JUnitReportReporter -->
<testsuite hostname="LAPTOP-B7N6EJDF" failures="0" tests="2" name="com.qa.Testscript.TC06_ArrDep" time="3.736" errors="0" timestamp="2025-01-23T09:51:26 IST" skipped="0">
  <testcase classname="com.qa.Testscript.TC06_ArrDep" name="Departurelink" time="1.938"/>
  <testcase classname="com.qa.Testscript.TC06_ArrDep" name="Arriving" time="1.798"/>
</testsuite> <!-- com.qa.Testscript.TC06_ArrDep -->
