<?xml version="1.0" encoding="UTF-8"?>
<!-- Generated by org.testng.reporters.JUnitReportReporter -->
<testsuite hostname="LAPTOP-B7N6EJDF" failures="0" tests="2" name="com.qa.Testscript.TC06_ArrDep" time="10.353" errors="0" timestamp="2025-01-21T18:20:43 IST" skipped="0">
  <testcase classname="com.qa.Testscript.TC06_ArrDep" name="Departurelink" time="6.483"/>
  <testcase classname="com.qa.Testscript.TC06_ArrDep" name="Arriving" time="3.870"/>
</testsuite> <!-- com.qa.Testscript.TC06_ArrDep -->
