<?xml version="1.0" encoding="UTF-8"?>
<!-- Generated by org.testng.reporters.JUnitReportReporter -->
<testsuite hostname="LAPTOP-B7N6EJDF" failures="0" tests="2" name="com.qa.Testscript.TC01_Registration" time="55.716" errors="0" timestamp="2025-01-21T18:20:43 IST" skipped="0">
  <testcase classname="com.qa.Testscript.TC01_Registration" name="verify_account_registration" time="26.409"/>
  <testcase classname="com.qa.Testscript.TC01_Registration" name="verify_account_registration" time="29.307"/>
</testsuite> <!-- com.qa.Testscript.TC01_Registration -->
