<?xml version="1.0" encoding="UTF-8"?>
<!-- Generated by org.testng.reporters.JUnitReportReporter -->
<testsuite hostname="LAPTOP-B7N6EJDF" failures="0" tests="1" name="com.qa.Testscript.TC04_LoginDDT" time="12.264" errors="0" timestamp="2025-01-21T18:20:43 IST" skipped="0">
  <testcase classname="com.qa.Testscript.TC04_LoginDDT" name="logintest" time="12.264"/>
</testsuite> <!-- com.qa.Testscript.TC04_LoginDDT -->
