<?xml version="1.0" encoding="UTF-8"?>
<!-- Generated by org.testng.reporters.JUnitReportReporter -->
<testsuite hostname="LAPTOP-B7N6EJDF" failures="0" tests="1" name="com.qa.Testscript.TC03_Flight" time="1.217" errors="0" timestamp="2025-01-23T09:51:26 IST" skipped="0">
  <testcase classname="com.qa.Testscript.TC03_Flight" name="flightlink" time="1.217"/>
</testsuite> <!-- com.qa.Testscript.TC03_Flight -->
